# JRE version: OpenJDK Runtime Environment Temurin-21.0.10+7 (21.0.10+7) (build 21.0.10+7-LTS)
# Java VM: OpenJDK 64-Bit Server VM Temurin-21.0.10+7 (21.0.10+7-LTS, mixed mode, sharing, tiered, compressed oops, compressed class ptrs, g1 gc, windows-amd64)
GC Precious Log:
 CardTable entry size: 512
 Card Set container configuration: InlinePtr #cards 5 size 8 Array Of Cards #cards 12 size 40 Howl #buckets 4 coarsen threshold 1843 Howl Bitmap #cards 512 size 80 coarsen threshold 460 Card regions per heap region 1 cards per card region 2048
 CPUs: 8 total, 8 available
 Memory: 16122M
 Large Page Support: Disabled
 NUMA Support: Disabled
 Compressed Oops: Enabled (32-bit)
 Heap Region Size: 1M
 Heap Min Capacity: 8M
 Heap Initial Capacity: 252M
 Heap Max Capacity: 1G
 Pre-touch: Disabled
 Parallel Workers: 8
 Concurrent Workers: 2
 Concurrent Refinement Workers: 8
 Periodic GC: Disabled
Heap:
 garbage-first heap   total 91136K, used 65004K [0x00000000c0000000, 0x0000000100000000)
  region size 1024K, 5 young (5120K), 2 survivors (2048K)
 Metaspace       used 64565K, committed 66624K, reserved 278528K
  class space    used 9380K, committed 10432K, reserved 212992K
GC Heap History (20 events):
Event: 8.813 GC heap before
{Heap before GC invocations=12 (full 0):
 garbage-first heap   total 81920K, used 71170K [0x00000000c0000000, 0x0000000100000000)
  region size 1024K, 32 young (32768K), 2 survivors (2048K)
 Metaspace       used 45631K, committed 47296K, reserved 278528K
  class space    used 6505K, committed 7360K, reserved 212992K
}
Event: 8.817 GC heap after
{Heap after GC invocations=13 (full 0):
 garbage-first heap   total 81920K, used 42016K [0x00000000c0000000, 0x0000000100000000)
  region size 1024K, 3 young (3072K), 3 survivors (3072K)
 Metaspace       used 45631K, committed 47296K, reserved 278528K
  class space    used 6505K, committed 7360K, reserved 212992K
}
Event: 9.173 GC heap before
{Heap before GC invocations=14 (full 0):
 garbage-first heap   total 81920K, used 72736K [0x00000000c0000000, 0x0000000100000000)
  region size 1024K, 33 young (33792K), 3 survivors (3072K)
 Metaspace       used 46816K, committed 48512K, reserved 278528K
  class space    used 6714K, committed 7552K, reserved 212992K
}
Event: 9.176 GC heap after
{Heap after GC invocations=15 (full 0):
 garbage-first heap   total 81920K, used 42878K [0x00000000c0000000, 0x0000000100000000)
  region size 1024K, 3 young (3072K), 3 survivors (3072K)
 Metaspace       used 46816K, committed 48512K, reserved 278528K
  class space    used 6714K, committed 7552K, reserved 212992K
}
Event: 9.805 GC heap before
{Heap before GC invocations=15 (full 0):
 garbage-first heap   total 81920K, used 73598K [0x00000000c0000000, 0x0000000100000000)
  region size 1024K, 33 young (33792K), 3 survivors (3072K)
 Metaspace       used 49112K, committed 50880K, reserved 278528K
  class space    used 7088K, committed 8000K, reserved 212992K
}
Event: 9.810 GC heap after
{Heap after GC invocations=16 (full 0):
 garbage-first heap   total 81920K, used 44910K [0x00000000c0000000, 0x0000000100000000)
  region size 1024K, 5 young (5120K), 5 survivors (5120K)
 Metaspace       used 49112K, committed 50880K, reserved 278528K
  class space    used 7088K, committed 8000K, reserved 212992K
}
Event: 10.427 GC heap before
{Heap before GC invocations=16 (full 0):
 garbage-first heap   total 81920K, used 74606K [0x00000000c0000000, 0x0000000100000000)
  region size 1024K, 34 young (34816K), 5 survivors (5120K)
 Metaspace       used 51758K, committed 53632K, reserved 278528K
  class space    used 7529K, committed 8448K, reserved 212992K
}
Event: 10.432 GC heap after
{Heap after GC invocations=17 (full 0):
 garbage-first heap   total 81920K, used 46369K [0x00000000c0000000, 0x0000000100000000)
  region size 1024K, 4 young (4096K), 4 survivors (4096K)
 Metaspace       used 51758K, committed 53632K, reserved 278528K
  class space    used 7529K, committed 8448K, reserved 212992K
}
Event: 11.578 GC heap before
{Heap before GC invocations=18 (full 0):
 garbage-first heap   total 81920K, used 74017K [0x00000000c0000000, 0x0000000100000000)
  region size 1024K, 32 young (32768K), 4 survivors (4096K)
 Metaspace       used 54153K, committed 56000K, reserved 278528K
  class space    used 7890K, committed 8768K, reserved 212992K
}
Event: 11.583 GC heap after
{Heap after GC invocations=19 (full 0):
 garbage-first heap   total 81920K, used 49070K [0x00000000c0000000, 0x0000000100000000)
  region size 1024K, 4 young (4096K), 4 survivors (4096K)
 Metaspace       used 54153K, committed 56000K, reserved 278528K
  class space    used 7890K, committed 8768K, reserved 212992K
}
Event: 13.221 GC heap before
{Heap before GC invocations=19 (full 0):
 garbage-first heap   total 81920K, used 75694K [0x00000000c0000000, 0x0000000100000000)
  region size 1024K, 30 young (30720K), 4 survivors (4096K)
 Metaspace       used 54766K, committed 56640K, reserved 278528K
  class space    used 7945K, committed 8832K, reserved 212992K
}
Event: 13.226 GC heap after
{Heap after GC invocations=20 (full 0):
 garbage-first heap   total 84992K, used 52005K [0x00000000c0000000, 0x0000000100000000)
  region size 1024K, 4 young (4096K), 4 survivors (4096K)
 Metaspace       used 54766K, committed 56640K, reserved 278528K
  class space    used 7945K, committed 8832K, reserved 212992K
}
Event: 13.604 GC heap before
{Heap before GC invocations=20 (full 0):
 garbage-first heap   total 84992K, used 76581K [0x00000000c0000000, 0x0000000100000000)
  region size 1024K, 28 young (28672K), 4 survivors (4096K)
 Metaspace       used 57245K, committed 59264K, reserved 278528K
  class space    used 8385K, committed 9408K, reserved 212992K
}
Event: 13.608 GC heap after
{Heap after GC invocations=21 (full 0):
 garbage-first heap   total 84992K, used 53415K [0x00000000c0000000, 0x0000000100000000)
  region size 1024K, 2 young (2048K), 2 survivors (2048K)
 Metaspace       used 57245K, committed 59264K, reserved 278528K
  class space    used 8385K, committed 9408K, reserved 212992K
}
Event: 14.027 GC heap before
{Heap before GC invocations=22 (full 0):
 garbage-first heap   total 91136K, used 84135K [0x00000000c0000000, 0x0000000100000000)
  region size 1024K, 26 young (26624K), 2 survivors (2048K)
 Metaspace       used 59333K, committed 61376K, reserved 278528K
  class space    used 8693K, committed 9728K, reserved 212992K
}
Event: 14.030 GC heap after
{Heap after GC invocations=23 (full 0):
 garbage-first heap   total 91136K, used 62631K [0x00000000c0000000, 0x0000000100000000)
  region size 1024K, 4 young (4096K), 4 survivors (4096K)
 Metaspace       used 59333K, committed 61376K, reserved 278528K
  class space    used 8693K, committed 9728K, reserved 212992K
}
Event: 14.339 GC heap before
{Heap before GC invocations=23 (full 0):
 garbage-first heap   total 91136K, used 84135K [0x00000000c0000000, 0x0000000100000000)
  region size 1024K, 25 young (25600K), 4 survivors (4096K)
 Metaspace       used 61749K, committed 63808K, reserved 278528K
  class space    used 9007K, committed 10048K, reserved 212992K
}
Event: 14.342 GC heap after
{Heap after GC invocations=24 (full 0):
 garbage-first heap   total 91136K, used 62026K [0x00000000c0000000, 0x0000000100000000)
  region size 1024K, 1 young (1024K), 1 survivors (1024K)
 Metaspace       used 61749K, committed 63808K, reserved 278528K
  class space    used 9007K, committed 10048K, reserved 212992K
}
Event: 14.767 GC heap before
{Heap before GC invocations=24 (full 0):
 garbage-first heap   total 91136K, used 85578K [0x00000000c0000000, 0x0000000100000000)
  region size 1024K, 24 young (24576K), 1 survivors (1024K)
 Metaspace       used 64424K, committed 66496K, reserved 278528K
  class space    used 9356K, committed 10368K, reserved 212992K
}
Event: 14.770 GC heap after
{Heap after GC invocations=25 (full 0):
 garbage-first heap   total 91136K, used 62956K [0x00000000c0000000, 0x0000000100000000)
  region size 1024K, 2 young (2048K), 2 survivors (2048K)
 Metaspace       used 64424K, committed 66496K, reserved 278528K
  class space    used 9356K, committed 10368K, reserved 212992K
}

