# JRE version: OpenJDK Runtime Environment Temurin-17.0.18+8 (17.0.18+8) (build 17.0.18+8)
# Java VM: OpenJDK 64-Bit Server VM Temurin-17.0.18+8 (17.0.18+8, mixed mode, sharing, tiered, compressed oops, compressed class ptrs, g1 gc, windows-amd64)
GC Precious Log:
 CPUs: 8 total, 8 available
 Memory: 16122M
 Large Page Support: Disabled
 NUMA Support: Disabled
 Compressed Oops: Enabled (Zero based)
 Heap Region Size: 2M
 Heap Min Capacity: 8M
 Heap Initial Capacity: 252M
 Heap Max Capacity: 3G
 Pre-touch: Disabled
 Parallel Workers: 8
 Concurrent Workers: 2
 Concurrent Refinement Workers: 8
 Periodic GC: Disabled
Heap:
 garbage-first heap   total 282624K, used 202350K [0x0000000740000000, 0x0000000800000000)
  region size 2048K, 18 young (36864K), 3 survivors (6144K)
 Metaspace       used 151499K, committed 152512K, reserved 622592K
  class space    used 19844K, committed 20352K, reserved 425984K
GC Heap History (20 events):
Event: 26.501 GC heap before
{Heap before GC invocations=43 (full 0):
 garbage-first heap   total 282624K, used 223272K [0x0000000740000000, 0x0000000800000000)
  region size 2048K, 46 young (94208K), 3 survivors (6144K)
 Metaspace       used 105462K, committed 106240K, reserved 557056K
  class space    used 14524K, committed 14848K, reserved 425984K
}
Event: 26.509 GC heap after
{Heap after GC invocations=44 (full 0):
 garbage-first heap   total 282624K, used 141497K [0x0000000740000000, 0x0000000800000000)
  region size 2048K, 6 young (12288K), 6 survivors (12288K)
 Metaspace       used 105462K, committed 106240K, reserved 557056K
  class space    used 14524K, committed 14848K, reserved 425984K
}
Event: 28.710 GC heap before
{Heap before GC invocations=44 (full 0):
 garbage-first heap   total 282624K, used 209081K [0x0000000740000000, 0x0000000800000000)
  region size 2048K, 40 young (81920K), 6 survivors (12288K)
 Metaspace       used 112653K, committed 113408K, reserved 557056K
  class space    used 15265K, committed 15616K, reserved 425984K
}
Event: 28.719 GC heap after
{Heap after GC invocations=45 (full 0):
 garbage-first heap   total 282624K, used 146679K [0x0000000740000000, 0x0000000800000000)
  region size 2048K, 6 young (12288K), 6 survivors (12288K)
 Metaspace       used 112653K, committed 113408K, reserved 557056K
  class space    used 15265K, committed 15616K, reserved 425984K
}
Event: 30.132 GC heap before
{Heap before GC invocations=46 (full 0):
 garbage-first heap   total 282624K, used 228599K [0x0000000740000000, 0x0000000800000000)
  region size 2048K, 46 young (94208K), 6 survivors (12288K)
 Metaspace       used 124333K, committed 125248K, reserved 557056K
  class space    used 16447K, committed 16832K, reserved 425984K
}
Event: 30.143 GC heap after
{Heap after GC invocations=47 (full 0):
 garbage-first heap   total 282624K, used 150127K [0x0000000740000000, 0x0000000800000000)
  region size 2048K, 5 young (10240K), 5 survivors (10240K)
 Metaspace       used 124333K, committed 125248K, reserved 557056K
  class space    used 16447K, committed 16832K, reserved 425984K
}
Event: 30.234 GC heap before
{Heap before GC invocations=47 (full 0):
 garbage-first heap   total 282624K, used 152175K [0x0000000740000000, 0x0000000800000000)
  region size 2048K, 6 young (12288K), 5 survivors (10240K)
 Metaspace       used 124590K, committed 125440K, reserved 557056K
  class space    used 16470K, committed 16832K, reserved 425984K
}
Event: 30.241 GC heap after
{Heap after GC invocations=48 (full 0):
 garbage-first heap   total 282624K, used 148570K [0x0000000740000000, 0x0000000800000000)
  region size 2048K, 1 young (2048K), 1 survivors (2048K)
 Metaspace       used 124590K, committed 125440K, reserved 557056K
  class space    used 16470K, committed 16832K, reserved 425984K
}
Event: 32.613 GC heap before
{Heap before GC invocations=48 (full 0):
 garbage-first heap   total 282624K, used 234586K [0x0000000740000000, 0x0000000800000000)
  region size 2048K, 42 young (86016K), 1 survivors (2048K)
 Metaspace       used 131817K, committed 132800K, reserved 557056K
  class space    used 17291K, committed 17792K, reserved 425984K
}
Event: 32.619 GC heap after
{Heap after GC invocations=49 (full 0):
 garbage-first heap   total 282624K, used 155815K [0x0000000740000000, 0x0000000800000000)
  region size 2048K, 4 young (8192K), 4 survivors (8192K)
 Metaspace       used 131817K, committed 132800K, reserved 557056K
  class space    used 17291K, committed 17792K, reserved 425984K
}
Event: 33.560 GC heap before
{Heap before GC invocations=50 (full 0):
 garbage-first heap   total 282624K, used 229543K [0x0000000740000000, 0x0000000800000000)
  region size 2048K, 41 young (83968K), 4 survivors (8192K)
 Metaspace       used 137475K, committed 138368K, reserved 557056K
  class space    used 17970K, committed 18368K, reserved 425984K
}
Event: 33.566 GC heap after
{Heap after GC invocations=51 (full 0):
 garbage-first heap   total 282624K, used 161669K [0x0000000740000000, 0x0000000800000000)
  region size 2048K, 6 young (12288K), 6 survivors (12288K)
 Metaspace       used 137475K, committed 138368K, reserved 557056K
  class space    used 17970K, committed 18368K, reserved 425984K
}
Event: 33.591 GC heap before
{Heap before GC invocations=51 (full 0):
 garbage-first heap   total 282624K, used 163717K [0x0000000740000000, 0x0000000800000000)
  region size 2048K, 7 young (14336K), 6 survivors (12288K)
 Metaspace       used 137606K, committed 138560K, reserved 557056K
  class space    used 17983K, committed 18432K, reserved 425984K
}
Event: 33.597 GC heap after
{Heap after GC invocations=52 (full 0):
 garbage-first heap   total 282624K, used 161051K [0x0000000740000000, 0x0000000800000000)
  region size 2048K, 1 young (2048K), 1 survivors (2048K)
 Metaspace       used 137606K, committed 138560K, reserved 557056K
  class space    used 17983K, committed 18432K, reserved 425984K
}
Event: 34.724 GC heap before
{Heap before GC invocations=52 (full 0):
 garbage-first heap   total 282624K, used 232731K [0x0000000740000000, 0x0000000800000000)
  region size 2048K, 35 young (71680K), 1 survivors (2048K)
 Metaspace       used 142389K, committed 143360K, reserved 557056K
  class space    used 18542K, committed 19008K, reserved 425984K
}
Event: 34.728 GC heap after
{Heap after GC invocations=53 (full 0):
 garbage-first heap   total 282624K, used 164838K [0x0000000740000000, 0x0000000800000000)
  region size 2048K, 3 young (6144K), 3 survivors (6144K)
 Metaspace       used 142389K, committed 143360K, reserved 557056K
  class space    used 18542K, committed 19008K, reserved 425984K
}
Event: 35.757 GC heap before
{Heap before GC invocations=53 (full 0):
 garbage-first heap   total 282624K, used 232422K [0x0000000740000000, 0x0000000800000000)
  region size 2048K, 36 young (73728K), 3 survivors (6144K)
 Metaspace       used 145772K, committed 146752K, reserved 557056K
  class space    used 18998K, committed 19456K, reserved 425984K
}
Event: 35.765 GC heap after
{Heap after GC invocations=54 (full 0):
 garbage-first heap   total 282624K, used 170825K [0x0000000740000000, 0x0000000800000000)
  region size 2048K, 5 young (10240K), 5 survivors (10240K)
 Metaspace       used 145772K, committed 146752K, reserved 557056K
  class space    used 18998K, committed 19456K, reserved 425984K
}
Event: 36.513 GC heap before
{Heap before GC invocations=54 (full 0):
 garbage-first heap   total 282624K, used 234313K [0x0000000740000000, 0x0000000800000000)
  region size 2048K, 36 young (73728K), 5 survivors (10240K)
 Metaspace       used 149368K, committed 150400K, reserved 622592K
  class space    used 19485K, committed 19968K, reserved 425984K
}
Event: 36.520 GC heap after
{Heap after GC invocations=55 (full 0):
 garbage-first heap   total 282624K, used 173678K [0x0000000740000000, 0x0000000800000000)
  region size 2048K, 3 young (6144K), 3 survivors (6144K)
 Metaspace       used 149368K, committed 150400K, reserved 622592K
  class space    used 19485K, committed 19968K, reserved 425984K
}

