# JRE version: OpenJDK Runtime Environment Temurin-17.0.18+8 (17.0.18+8) (build 17.0.18+8)
# Java VM: OpenJDK 64-Bit Server VM Temurin-17.0.18+8 (17.0.18+8, mixed mode, sharing, tiered, compressed oops, compressed class ptrs, g1 gc, windows-amd64)
GC Precious Log:
 CPUs: 8 total, 8 available
 Memory: 16122M
 Large Page Support: Disabled
 NUMA Support: Disabled
 Compressed Oops: Enabled (32-bit)
 Heap Region Size: 1M
 Heap Min Capacity: 8M
 Heap Initial Capacity: 252M
 Heap Max Capacity: 1G
 Pre-touch: Disabled
 Parallel Workers: 8
 Concurrent Workers: 2
 Concurrent Refinement Workers: 8
 Periodic GC: Disabled
Heap:
 garbage-first heap   total 409600K, used 314368K [0x00000000c0000000, 0x0000000100000000)
  region size 1024K, 62 young (63488K), 13 survivors (13312K)
 Metaspace       used 121968K, committed 123520K, reserved 344064K
  class space    used 16613K, committed 17344K, reserved 212992K
GC Heap History (20 events):
Event: 34.733 GC heap before
{Heap before GC invocations=76 (full 0):
 garbage-first heap   total 314368K, used 259429K [0x00000000c0000000, 0x0000000100000000)
  region size 1024K, 60 young (61440K), 6 survivors (6144K)
 Metaspace       used 109881K, committed 111168K, reserved 344064K
  class space    used 15205K, committed 15808K, reserved 212992K
}
Event: 34.737 GC heap after
{Heap after GC invocations=77 (full 0):
 garbage-first heap   total 314368K, used 208068K [0x00000000c0000000, 0x0000000100000000)
  region size 1024K, 7 young (7168K), 7 survivors (7168K)
 Metaspace       used 109881K, committed 111168K, reserved 344064K
  class space    used 15205K, committed 15808K, reserved 212992K
}
Event: 35.030 GC heap before
{Heap before GC invocations=77 (full 0):
 garbage-first heap   total 314368K, used 259268K [0x00000000c0000000, 0x0000000100000000)
  region size 1024K, 58 young (59392K), 7 survivors (7168K)
 Metaspace       used 110008K, committed 111296K, reserved 344064K
  class space    used 15223K, committed 15808K, reserved 212992K
}
Event: 35.036 GC heap after
{Heap after GC invocations=78 (full 0):
 garbage-first heap   total 314368K, used 212556K [0x00000000c0000000, 0x0000000100000000)
  region size 1024K, 7 young (7168K), 7 survivors (7168K)
 Metaspace       used 110008K, committed 111296K, reserved 344064K
  class space    used 15223K, committed 15808K, reserved 212992K
}
Event: 35.194 GC heap before
{Heap before GC invocations=78 (full 0):
 garbage-first heap   total 314368K, used 260684K [0x00000000c0000000, 0x0000000100000000)
  region size 1024K, 55 young (56320K), 7 survivors (7168K)
 Metaspace       used 110008K, committed 111296K, reserved 344064K
  class space    used 15223K, committed 15808K, reserved 212992K
}
Event: 35.199 GC heap after
{Heap after GC invocations=79 (full 0):
 garbage-first heap   total 314368K, used 213547K [0x00000000c0000000, 0x0000000100000000)
  region size 1024K, 4 young (4096K), 4 survivors (4096K)
 Metaspace       used 110008K, committed 111296K, reserved 344064K
  class space    used 15223K, committed 15808K, reserved 212992K
}
Event: 35.538 GC heap before
{Heap before GC invocations=80 (full 0):
 garbage-first heap   total 409600K, used 257579K [0x00000000c0000000, 0x0000000100000000)
  region size 1024K, 48 young (49152K), 4 survivors (4096K)
 Metaspace       used 110111K, committed 111488K, reserved 344064K
  class space    used 15237K, committed 15872K, reserved 212992K
}
Event: 35.543 GC heap after
{Heap after GC invocations=81 (full 0):
 garbage-first heap   total 409600K, used 217329K [0x00000000c0000000, 0x0000000100000000)
  region size 1024K, 6 young (6144K), 6 survivors (6144K)
 Metaspace       used 110111K, committed 111488K, reserved 344064K
  class space    used 15237K, committed 15872K, reserved 212992K
}
Event: 35.607 GC heap before
{Heap before GC invocations=81 (full 0):
 garbage-first heap   total 409600K, used 231665K [0x00000000c0000000, 0x0000000100000000)
  region size 1024K, 20 young (20480K), 6 survivors (6144K)
 Metaspace       used 110111K, committed 111488K, reserved 344064K
  class space    used 15237K, committed 15872K, reserved 212992K
}
Event: 35.614 GC heap after
{Heap after GC invocations=82 (full 0):
 garbage-first heap   total 409600K, used 214252K [0x00000000c0000000, 0x0000000100000000)
  region size 1024K, 3 young (3072K), 3 survivors (3072K)
 Metaspace       used 110111K, committed 111488K, reserved 344064K
  class space    used 15237K, committed 15872K, reserved 212992K
}
Event: 36.042 GC heap before
{Heap before GC invocations=82 (full 0):
 garbage-first heap   total 409600K, used 327916K [0x00000000c0000000, 0x0000000100000000)
  region size 1024K, 115 young (117760K), 3 survivors (3072K)
 Metaspace       used 110112K, committed 111488K, reserved 344064K
  class space    used 15237K, committed 15872K, reserved 212992K
}
Event: 36.046 GC heap after
{Heap after GC invocations=83 (full 0):
 garbage-first heap   total 409600K, used 216262K [0x00000000c0000000, 0x0000000100000000)
  region size 1024K, 5 young (5120K), 5 survivors (5120K)
 Metaspace       used 110112K, committed 111488K, reserved 344064K
  class space    used 15237K, committed 15872K, reserved 212992K
}
Event: 36.665 GC heap before
{Heap before GC invocations=83 (full 0):
 garbage-first heap   total 409600K, used 339142K [0x00000000c0000000, 0x0000000100000000)
  region size 1024K, 121 young (123904K), 5 survivors (5120K)
 Metaspace       used 110249K, committed 111552K, reserved 344064K
  class space    used 15252K, committed 15872K, reserved 212992K
}
Event: 36.673 GC heap after
{Heap after GC invocations=84 (full 0):
 garbage-first heap   total 409600K, used 230257K [0x00000000c0000000, 0x0000000100000000)
  region size 1024K, 14 young (14336K), 14 survivors (14336K)
 Metaspace       used 110249K, committed 111552K, reserved 344064K
  class space    used 15252K, committed 15872K, reserved 212992K
}
Event: 37.348 GC heap before
{Heap before GC invocations=84 (full 0):
 garbage-first heap   total 409600K, used 338801K [0x00000000c0000000, 0x0000000100000000)
  region size 1024K, 118 young (120832K), 14 survivors (14336K)
 Metaspace       used 110504K, committed 111808K, reserved 344064K
  class space    used 15279K, committed 15872K, reserved 212992K
}
Event: 37.357 GC heap after
{Heap after GC invocations=85 (full 0):
 garbage-first heap   total 409600K, used 239177K [0x00000000c0000000, 0x0000000100000000)
  region size 1024K, 9 young (9216K), 9 survivors (9216K)
 Metaspace       used 110504K, committed 111808K, reserved 344064K
  class space    used 15279K, committed 15872K, reserved 212992K
}
Event: 38.773 GC heap before
{Heap before GC invocations=85 (full 0):
 garbage-first heap   total 409600K, used 340553K [0x00000000c0000000, 0x0000000100000000)
  region size 1024K, 108 young (110592K), 9 survivors (9216K)
 Metaspace       used 115917K, committed 117248K, reserved 344064K
  class space    used 16030K, committed 16640K, reserved 212992K
}
Event: 38.783 GC heap after
{Heap after GC invocations=86 (full 0):
 garbage-first heap   total 409600K, used 247761K [0x00000000c0000000, 0x0000000100000000)
  region size 1024K, 11 young (11264K), 11 survivors (11264K)
 Metaspace       used 115917K, committed 117248K, reserved 344064K
  class space    used 16030K, committed 16640K, reserved 212992K
}
Event: 39.910 GC heap before
{Heap before GC invocations=86 (full 0):
 garbage-first heap   total 409600K, used 341969K [0x00000000c0000000, 0x0000000100000000)
  region size 1024K, 103 young (105472K), 11 survivors (11264K)
 Metaspace       used 118952K, committed 120384K, reserved 344064K
  class space    used 16392K, committed 17024K, reserved 212992K
}
Event: 39.924 GC heap after
{Heap after GC invocations=87 (full 0):
 garbage-first heap   total 409600K, used 261120K [0x00000000c0000000, 0x0000000100000000)
  region size 1024K, 13 young (13312K), 13 survivors (13312K)
 Metaspace       used 118952K, committed 120384K, reserved 344064K
  class space    used 16392K, committed 17024K, reserved 212992K
}

