# JRE version: OpenJDK Runtime Environment Temurin-17.0.18+8 (17.0.18+8) (build 17.0.18+8)
# Java VM: OpenJDK 64-Bit Server VM Temurin-17.0.18+8 (17.0.18+8, mixed mode, sharing, tiered, compressed oops, compressed class ptrs, g1 gc, windows-amd64)
GC Precious Log:
 CPUs: 8 total, 8 available
 Memory: 16122M
 Large Page Support: Disabled
 NUMA Support: Disabled
 Compressed Oops: Enabled (Zero based)
 Heap Region Size: 4M
 Heap Min Capacity: 8M
 Heap Initial Capacity: 252M
 Heap Max Capacity: 8G
 Pre-touch: Disabled
 Parallel Workers: 8
 Concurrent Workers: 2
 Concurrent Refinement Workers: 8
 Periodic GC: Disabled
Heap:
 garbage-first heap   total 290816K, used 175176K [0x0000000600000000, 0x0000000800000000)
  region size 4096K, 3 young (12288K), 3 survivors (12288K)
 Metaspace       used 132053K, committed 132928K, reserved 1179648K
  class space    used 17346K, committed 17728K, reserved 1048576K
GC Heap History (20 events):
Event: 21.893 GC heap after
{Heap after GC invocations=45 (full 0):
 garbage-first heap   total 184320K, used 99704K [0x0000000600000000, 0x0000000800000000)
  region size 4096K, 1 young (4096K), 1 survivors (4096K)
 Metaspace       used 119893K, committed 120704K, reserved 1179648K
  class space    used 15764K, committed 16128K, reserved 1048576K
}
Event: 22.658 GC heap before
{Heap before GC invocations=45 (full 0):
 garbage-first heap   total 184320K, used 148856K [0x0000000600000000, 0x0000000800000000)
  region size 4096K, 13 young (53248K), 1 survivors (4096K)
 Metaspace       used 122655K, committed 123456K, reserved 1179648K
  class space    used 16151K, committed 16512K, reserved 1048576K
}
Event: 22.663 GC heap after
{Heap after GC invocations=46 (full 0):
 garbage-first heap   total 184320K, used 96554K [0x0000000600000000, 0x0000000800000000)
  region size 4096K, 2 young (8192K), 2 survivors (8192K)
 Metaspace       used 122655K, committed 123456K, reserved 1179648K
  class space    used 16151K, committed 16512K, reserved 1048576K
}
Event: 23.779 GC heap before
{Heap before GC invocations=47 (full 0):
 garbage-first heap   total 184320K, used 141610K [0x0000000600000000, 0x0000000800000000)
  region size 4096K, 14 young (57344K), 2 survivors (8192K)
 Metaspace       used 125592K, committed 126400K, reserved 1179648K
  class space    used 16660K, committed 17024K, reserved 1048576K
}
Event: 23.788 GC heap after
{Heap after GC invocations=48 (full 0):
 garbage-first heap   total 184320K, used 100829K [0x0000000600000000, 0x0000000800000000)
  region size 4096K, 2 young (8192K), 2 survivors (8192K)
 Metaspace       used 125592K, committed 126400K, reserved 1179648K
  class space    used 16660K, committed 17024K, reserved 1048576K
}
Event: 23.956 GC heap before
{Heap before GC invocations=48 (full 0):
 garbage-first heap   total 184320K, used 104925K [0x0000000600000000, 0x0000000800000000)
  region size 4096K, 3 young (12288K), 2 survivors (8192K)
 Metaspace       used 125886K, committed 126720K, reserved 1179648K
  class space    used 16707K, committed 17088K, reserved 1048576K
}
Event: 23.962 GC heap after
{Heap after GC invocations=49 (full 0):
 garbage-first heap   total 184320K, used 95498K [0x0000000600000000, 0x0000000800000000)
  region size 4096K, 1 young (4096K), 1 survivors (4096K)
 Metaspace       used 125886K, committed 126720K, reserved 1179648K
  class space    used 16707K, committed 17088K, reserved 1048576K
}
Event: 47.762 GC heap before
{Heap before GC invocations=49 (full 0):
 garbage-first heap   total 184320K, used 140554K [0x0000000600000000, 0x0000000800000000)
  region size 4096K, 13 young (53248K), 1 survivors (4096K)
 Metaspace       used 130305K, committed 131200K, reserved 1179648K
  class space    used 17270K, committed 17664K, reserved 1048576K
}
Event: 47.770 GC heap after
{Heap after GC invocations=50 (full 0):
 garbage-first heap   total 184320K, used 99510K [0x0000000600000000, 0x0000000800000000)
  region size 4096K, 2 young (8192K), 2 survivors (8192K)
 Metaspace       used 130305K, committed 131200K, reserved 1179648K
  class space    used 17270K, committed 17664K, reserved 1048576K
}
Event: 48.090 GC heap before
{Heap before GC invocations=51 (full 0):
 garbage-first heap   total 184320K, used 144566K [0x0000000600000000, 0x0000000800000000)
  region size 4096K, 13 young (53248K), 2 survivors (8192K)
 Metaspace       used 130753K, committed 131584K, reserved 1179648K
  class space    used 17291K, committed 17664K, reserved 1048576K
}
Event: 48.096 GC heap after
{Heap after GC invocations=52 (full 0):
 garbage-first heap   total 184320K, used 105280K [0x0000000600000000, 0x0000000800000000)
  region size 4096K, 2 young (8192K), 2 survivors (8192K)
 Metaspace       used 130753K, committed 131584K, reserved 1179648K
  class space    used 17291K, committed 17664K, reserved 1048576K
}
Event: 48.120 GC heap before
{Heap before GC invocations=52 (full 0):
 garbage-first heap   total 184320K, used 105280K [0x0000000600000000, 0x0000000800000000)
  region size 4096K, 3 young (12288K), 2 survivors (8192K)
 Metaspace       used 130790K, committed 131648K, reserved 1179648K
  class space    used 17292K, committed 17664K, reserved 1048576K
}
Event: 48.124 GC heap after
{Heap after GC invocations=53 (full 0):
 garbage-first heap   total 290816K, used 104032K [0x0000000600000000, 0x0000000800000000)
  region size 4096K, 1 young (4096K), 1 survivors (4096K)
 Metaspace       used 130790K, committed 131648K, reserved 1179648K
  class space    used 17292K, committed 17664K, reserved 1048576K
}
Event: 48.521 GC heap before
{Heap before GC invocations=53 (full 0):
 garbage-first heap   total 290816K, used 210528K [0x0000000600000000, 0x0000000800000000)
  region size 4096K, 28 young (114688K), 1 survivors (4096K)
 Metaspace       used 130921K, committed 131840K, reserved 1179648K
  class space    used 17296K, committed 17728K, reserved 1048576K
}
Event: 48.527 GC heap after
{Heap after GC invocations=54 (full 0):
 garbage-first heap   total 290816K, used 109193K [0x0000000600000000, 0x0000000800000000)
  region size 4096K, 2 young (8192K), 2 survivors (8192K)
 Metaspace       used 130921K, committed 131840K, reserved 1179648K
  class space    used 17296K, committed 17728K, reserved 1048576K
}
Event: 49.021 GC heap before
{Heap before GC invocations=54 (full 0):
 garbage-first heap   total 290816K, used 223881K [0x0000000600000000, 0x0000000800000000)
  region size 4096K, 29 young (118784K), 2 survivors (8192K)
 Metaspace       used 131196K, committed 132096K, reserved 1179648K
  class space    used 17321K, committed 17728K, reserved 1048576K
}
Event: 49.038 GC heap after
{Heap after GC invocations=55 (full 0):
 garbage-first heap   total 290816K, used 143550K [0x0000000600000000, 0x0000000800000000)
  region size 4096K, 4 young (16384K), 4 survivors (16384K)
 Metaspace       used 131196K, committed 132096K, reserved 1179648K
  class space    used 17321K, committed 17728K, reserved 1048576K
}
Event: 49.508 GC heap before
{Heap before GC invocations=55 (full 0):
 garbage-first heap   total 290816K, used 221374K [0x0000000600000000, 0x0000000800000000)
  region size 4096K, 22 young (90112K), 4 survivors (16384K)
 Metaspace       used 131573K, committed 132480K, reserved 1179648K
  class space    used 17322K, committed 17728K, reserved 1048576K
}
Event: 49.517 GC heap after
{Heap after GC invocations=56 (full 0):
 garbage-first heap   total 290816K, used 165018K [0x0000000600000000, 0x0000000800000000)
  region size 4096K, 3 young (12288K), 3 survivors (12288K)
 Metaspace       used 131573K, committed 132480K, reserved 1179648K
  class space    used 17322K, committed 17728K, reserved 1048576K
}
Event: 49.952 GC heap before
{Heap before GC invocations=56 (full 0):
 garbage-first heap   total 290816K, used 226458K [0x0000000600000000, 0x0000000800000000)
  region size 4096K, 18 young (73728K), 3 survivors (12288K)
 Metaspace       used 132053K, committed 132928K, reserved 1179648K
  class space    used 17346K, committed 17728K, reserved 1048576K
}

